{"C:\\Users\\Abubakar Awan\\Desktop\\Re-TO-DO\\src\\Functionalities\\CallBacks\\addTask.js": {"path":"C:\\Users\\Abubakar Awan\\Desktop\\Re-TO-DO\\src\\Functionalities\\CallBacks\\addTask.js","statementMap":{"0":{"start":{"line":6,"column":22},"end":{"line":6,"column":58}},"1":{"start":{"line":7,"column":21},"end":{"line":7,"column":36}},"2":{"start":{"line":9,"column":23},"end":{"line":9,"column":45}},"3":{"start":{"line":10,"column":4},"end":{"line":10,"column":32}},"4":{"start":{"line":10,"column":25},"end":{"line":10,"column":32}},"5":{"start":{"line":12,"column":17},"end":{"line":15,"column":5}},"6":{"start":{"line":16,"column":4},"end":{"line":16,"column":26}},"7":{"start":{"line":18,"column":4},"end":{"line":18,"column":24}},"8":{"start":{"line":19,"column":4},"end":{"line":19,"column":23}},"9":{"start":{"line":21,"column":4},"end":{"line":21,"column":25}}},"fnMap":{"0":{"name":"addTask","decl":{"start":{"line":5,"column":9},"end":{"line":5,"column":16}},"loc":{"start":{"line":5,"column":19},"end":{"line":22,"column":1}},"line":5}},"branchMap":{"0":{"loc":{"start":{"line":10,"column":4},"end":{"line":10,"column":32}},"type":"if","locations":[{"start":{"line":10,"column":4},"end":{"line":10,"column":32}},{"start":{},"end":{}}],"line":10}},"s":{"0":1,"1":1,"2":1,"3":1,"4":0,"5":1,"6":1,"7":1,"8":1,"9":1},"f":{"0":1},"b":{"0":[0,1]},"_coverageSchema":"1a1c01bbd47fc00a2c39e90264f33305004495a9","hash":"31abf0720f8e69b6d221f9dab4137886f046a069"}
,"C:\\Users\\Abubakar Awan\\Desktop\\Re-TO-DO\\src\\Functionalities\\CallBacks\\deleteList.js": {"path":"C:\\Users\\Abubakar Awan\\Desktop\\Re-TO-DO\\src\\Functionalities\\CallBacks\\deleteList.js","statementMap":{"0":{"start":{"line":6,"column":4},"end":{"line":6,"column":23}},"1":{"start":{"line":7,"column":4},"end":{"line":7,"column":23}}},"fnMap":{"0":{"name":"deleteList","decl":{"start":{"line":4,"column":9},"end":{"line":4,"column":19}},"loc":{"start":{"line":4,"column":22},"end":{"line":9,"column":1}},"line":4}},"branchMap":{},"s":{"0":1,"1":1},"f":{"0":1},"b":{},"_coverageSchema":"1a1c01bbd47fc00a2c39e90264f33305004495a9","hash":"de53320c2d3e32e3c2b420db64d3d711ff908c6a"}
,"C:\\Users\\Abubakar Awan\\Desktop\\Re-TO-DO\\src\\Functionalities\\CallBacks\\removeTask.js": {"path":"C:\\Users\\Abubakar Awan\\Desktop\\Re-TO-DO\\src\\Functionalities\\CallBacks\\removeTask.js","statementMap":{"0":{"start":{"line":5,"column":4},"end":{"line":5,"column":38}},"1":{"start":{"line":6,"column":4},"end":{"line":6,"column":26}}},"fnMap":{"0":{"name":"removeTask","decl":{"start":{"line":4,"column":9},"end":{"line":4,"column":19}},"loc":{"start":{"line":4,"column":31},"end":{"line":7,"column":1}},"line":4}},"branchMap":{},"s":{"0":1,"1":1},"f":{"0":1},"b":{},"_coverageSchema":"1a1c01bbd47fc00a2c39e90264f33305004495a9","hash":"c27a3ded011c16775a493ecdd30d6bc8e2abe0fd"}
,"C:\\Users\\Abubakar Awan\\Desktop\\Re-TO-DO\\src\\Functionalities\\CallBacks\\updateTask.js": {"path":"C:\\Users\\Abubakar Awan\\Desktop\\Re-TO-DO\\src\\Functionalities\\CallBacks\\updateTask.js","statementMap":{"0":{"start":{"line":4,"column":4},"end":{"line":4,"column":48}}},"fnMap":{"0":{"name":"updateTask","decl":{"start":{"line":3,"column":9},"end":{"line":3,"column":19}},"loc":{"start":{"line":3,"column":48},"end":{"line":5,"column":1}},"line":3}},"branchMap":{},"s":{"0":4},"f":{"0":4},"b":{},"_coverageSchema":"1a1c01bbd47fc00a2c39e90264f33305004495a9","hash":"89331cff579882b0d0d2e12f0d0d23135e805c10"}
,"C:\\Users\\Abubakar Awan\\Desktop\\Re-TO-DO\\src\\Functionalities\\LocalStorage\\gettaskFromlocalStorage.js": {"path":"C:\\Users\\Abubakar Awan\\Desktop\\Re-TO-DO\\src\\Functionalities\\LocalStorage\\gettaskFromlocalStorage.js","statementMap":{"0":{"start":{"line":2,"column":29},"end":{"line":2,"column":58}},"1":{"start":{"line":4,"column":19},"end":{"line":4,"column":21}},"2":{"start":{"line":5,"column":4},"end":{"line":11,"column":5}},"3":{"start":{"line":6,"column":8},"end":{"line":10,"column":9}},"4":{"start":{"line":7,"column":12},"end":{"line":7,"column":52}},"5":{"start":{"line":9,"column":12},"end":{"line":9,"column":61}},"6":{"start":{"line":13,"column":4},"end":{"line":13,"column":20}}},"fnMap":{"0":{"name":"getTaskListFromLocalStorage","decl":{"start":{"line":1,"column":9},"end":{"line":1,"column":36}},"loc":{"start":{"line":1,"column":39},"end":{"line":14,"column":1}},"line":1}},"branchMap":{"0":{"loc":{"start":{"line":5,"column":4},"end":{"line":11,"column":5}},"type":"if","locations":[{"start":{"line":5,"column":4},"end":{"line":11,"column":5}},{"start":{},"end":{}}],"line":5}},"s":{"0":0,"1":0,"2":0,"3":0,"4":0,"5":0,"6":0},"f":{"0":0},"b":{"0":[0,0]},"_coverageSchema":"1a1c01bbd47fc00a2c39e90264f33305004495a9","hash":"0e5d4fbba41797cfdeffbc4225ad54523150c80a"}
,"C:\\Users\\Abubakar Awan\\Desktop\\Re-TO-DO\\src\\Functionalities\\LocalStorage\\localStorageList.js": {"path":"C:\\Users\\Abubakar Awan\\Desktop\\Re-TO-DO\\src\\Functionalities\\LocalStorage\\localStorageList.js","statementMap":{"0":{"start":{"line":5,"column":23},"end":{"line":5,"column":45}},"1":{"start":{"line":6,"column":4},"end":{"line":6,"column":61}}},"fnMap":{"0":{"name":"localStorageList","decl":{"start":{"line":3,"column":9},"end":{"line":3,"column":25}},"loc":{"start":{"line":3,"column":28},"end":{"line":8,"column":1}},"line":3}},"branchMap":{},"s":{"0":0,"1":0},"f":{"0":0},"b":{},"_coverageSchema":"1a1c01bbd47fc00a2c39e90264f33305004495a9","hash":"c65aca7c40e1db67e530972dde01f3869b20fed9"}
,"C:\\Users\\Abubakar Awan\\Desktop\\Re-TO-DO\\src\\Functionalities\\NewRow\\addNewRow.js": {"path":"C:\\Users\\Abubakar Awan\\Desktop\\Re-TO-DO\\src\\Functionalities\\NewRow\\addNewRow.js","statementMap":{"0":{"start":{"line":8,"column":16},"end":{"line":8,"column":44}},"1":{"start":{"line":9,"column":4},"end":{"line":9,"column":78}},"2":{"start":{"line":11,"column":18},"end":{"line":11,"column":46}},"3":{"start":{"line":12,"column":4},"end":{"line":12,"column":46}},"4":{"start":{"line":13,"column":4},"end":{"line":13,"column":31}},"5":{"start":{"line":15,"column":18},"end":{"line":15,"column":46}},"6":{"start":{"line":16,"column":4},"end":{"line":16,"column":44}},"7":{"start":{"line":17,"column":22},"end":{"line":17,"column":53}},"8":{"start":{"line":18,"column":4},"end":{"line":18,"column":28}},"9":{"start":{"line":19,"column":4},"end":{"line":19,"column":27}},"10":{"start":{"line":20,"column":4},"end":{"line":20,"column":29}},"11":{"start":{"line":21,"column":4},"end":{"line":21,"column":87}},"12":{"start":{"line":22,"column":4},"end":{"line":22,"column":33}},"13":{"start":{"line":24,"column":18},"end":{"line":24,"column":46}},"14":{"start":{"line":25,"column":4},"end":{"line":25,"column":61}},"15":{"start":{"line":27,"column":25},"end":{"line":27,"column":43}},"16":{"start":{"line":28,"column":25},"end":{"line":28,"column":43}},"17":{"start":{"line":30,"column":4},"end":{"line":30,"column":36}},"18":{"start":{"line":31,"column":4},"end":{"line":31,"column":36}},"19":{"start":{"line":33,"column":4},"end":{"line":33,"column":27}},"20":{"start":{"line":34,"column":4},"end":{"line":34,"column":27}},"21":{"start":{"line":35,"column":4},"end":{"line":35,"column":27}},"22":{"start":{"line":36,"column":4},"end":{"line":36,"column":16}},"23":{"start":{"line":38,"column":4},"end":{"line":38,"column":73}},"24":{"start":{"line":38,"column":49},"end":{"line":38,"column":71}},"25":{"start":{"line":40,"column":4},"end":{"line":51,"column":7}},"26":{"start":{"line":41,"column":8},"end":{"line":41,"column":35}},"27":{"start":{"line":42,"column":8},"end":{"line":42,"column":26}},"28":{"start":{"line":43,"column":8},"end":{"line":43,"column":26}},"29":{"start":{"line":45,"column":8},"end":{"line":50,"column":11}},"30":{"start":{"line":46,"column":12},"end":{"line":49,"column":13}},"31":{"start":{"line":47,"column":16},"end":{"line":47,"column":56}},"32":{"start":{"line":48,"column":16},"end":{"line":48,"column":42}},"33":{"start":{"line":53,"column":4},"end":{"line":53,"column":15}}},"fnMap":{"0":{"name":"createTableRow","decl":{"start":{"line":7,"column":9},"end":{"line":7,"column":23}},"loc":{"start":{"line":7,"column":34},"end":{"line":54,"column":1}},"line":7},"1":{"name":"(anonymous_1)","decl":{"start":{"line":38,"column":43},"end":{"line":38,"column":44}},"loc":{"start":{"line":38,"column":49},"end":{"line":38,"column":71}},"line":38},"2":{"name":"(anonymous_2)","decl":{"start":{"line":40,"column":43},"end":{"line":40,"column":44}},"loc":{"start":{"line":40,"column":49},"end":{"line":51,"column":5}},"line":40},"3":{"name":"(anonymous_3)","decl":{"start":{"line":45,"column":46},"end":{"line":45,"column":47}},"loc":{"start":{"line":45,"column":57},"end":{"line":50,"column":9}},"line":45}},"branchMap":{"0":{"loc":{"start":{"line":46,"column":12},"end":{"line":49,"column":13}},"type":"if","locations":[{"start":{"line":46,"column":12},"end":{"line":49,"column":13}},{"start":{},"end":{}}],"line":46}},"s":{"0":2,"1":2,"2":2,"3":2,"4":2,"5":2,"6":2,"7":2,"8":2,"9":2,"10":2,"11":2,"12":2,"13":2,"14":2,"15":2,"16":2,"17":2,"18":2,"19":2,"20":2,"21":2,"22":2,"23":2,"24":0,"25":2,"26":0,"27":0,"28":0,"29":0,"30":0,"31":0,"32":0,"33":2},"f":{"0":2,"1":0,"2":0,"3":0},"b":{"0":[0,0]},"_coverageSchema":"1a1c01bbd47fc00a2c39e90264f33305004495a9","hash":"b14b27dffefead137407fbac3623163581bd4ae9"}
,"C:\\Users\\Abubakar Awan\\Desktop\\Re-TO-DO\\src\\Functionalities\\Taskmethods\\deleteList.js": {"path":"C:\\Users\\Abubakar Awan\\Desktop\\Re-TO-DO\\src\\Functionalities\\Taskmethods\\deleteList.js","statementMap":{"0":{"start":{"line":5,"column":4},"end":{"line":5,"column":32}},"1":{"start":{"line":7,"column":4},"end":{"line":7,"column":14}}},"fnMap":{"0":{"name":"deleteList","decl":{"start":{"line":4,"column":9},"end":{"line":4,"column":19}},"loc":{"start":{"line":4,"column":22},"end":{"line":10,"column":1}},"line":4}},"branchMap":{},"s":{"0":0,"1":0},"f":{"0":0},"b":{},"_coverageSchema":"1a1c01bbd47fc00a2c39e90264f33305004495a9","hash":"3fd38c697fd8cb954ad43c1933550f3f5b4535bd"}
,"C:\\Users\\Abubakar Awan\\Desktop\\Re-TO-DO\\src\\Functionalities\\Taskmethods\\updateTask.js": {"path":"C:\\Users\\Abubakar Awan\\Desktop\\Re-TO-DO\\src\\Functionalities\\Taskmethods\\updateTask.js","statementMap":{"0":{"start":{"line":7,"column":23},"end":{"line":7,"column":45}},"1":{"start":{"line":9,"column":8},"end":{"line":9,"column":53}},"2":{"start":{"line":11,"column":8},"end":{"line":11,"column":26}},"3":{"start":{"line":12,"column":8},"end":{"line":12,"column":29}}},"fnMap":{"0":{"name":"updateTask","decl":{"start":{"line":5,"column":9},"end":{"line":5,"column":19}},"loc":{"start":{"line":5,"column":48},"end":{"line":14,"column":1}},"line":5}},"branchMap":{},"s":{"0":4,"1":4,"2":3,"3":3},"f":{"0":4},"b":{},"_coverageSchema":"1a1c01bbd47fc00a2c39e90264f33305004495a9","hash":"01fd611f18373a874f56fe6026169e4845eb1ecc"}
,"C:\\Users\\Abubakar Awan\\Desktop\\Re-TO-DO\\src\\Functionalities\\buttons\\removeButton.js": {"path":"C:\\Users\\Abubakar Awan\\Desktop\\Re-TO-DO\\src\\Functionalities\\buttons\\removeButton.js","statementMap":{"0":{"start":{"line":2,"column":25},"end":{"line":2,"column":57}},"1":{"start":{"line":3,"column":4},"end":{"line":3,"column":37}},"2":{"start":{"line":4,"column":4},"end":{"line":4,"column":172}},"3":{"start":{"line":6,"column":16},"end":{"line":6,"column":77}},"4":{"start":{"line":7,"column":4},"end":{"line":7,"column":60}},"5":{"start":{"line":8,"column":4},"end":{"line":8,"column":37}},"6":{"start":{"line":9,"column":4},"end":{"line":9,"column":45}},"7":{"start":{"line":10,"column":4},"end":{"line":10,"column":44}},"8":{"start":{"line":11,"column":4},"end":{"line":11,"column":47}},"9":{"start":{"line":12,"column":4},"end":{"line":12,"column":36}},"10":{"start":{"line":14,"column":17},"end":{"line":14,"column":79}},"11":{"start":{"line":15,"column":4},"end":{"line":15,"column":49}},"12":{"start":{"line":16,"column":4},"end":{"line":16,"column":50}},"13":{"start":{"line":17,"column":4},"end":{"line":17,"column":444}},"14":{"start":{"line":18,"column":4},"end":{"line":18,"column":26}},"15":{"start":{"line":20,"column":4},"end":{"line":20,"column":34}},"16":{"start":{"line":23,"column":4},"end":{"line":23,"column":24}}},"fnMap":{"0":{"name":"removeTaskButton","decl":{"start":{"line":1,"column":9},"end":{"line":1,"column":25}},"loc":{"start":{"line":1,"column":28},"end":{"line":24,"column":1}},"line":1}},"branchMap":{},"s":{"0":2,"1":2,"2":2,"3":2,"4":2,"5":2,"6":2,"7":2,"8":2,"9":2,"10":2,"11":2,"12":2,"13":2,"14":2,"15":2,"16":2},"f":{"0":2},"b":{},"_coverageSchema":"1a1c01bbd47fc00a2c39e90264f33305004495a9","hash":"ebf1e74bd23fcc1e382d2c10f3bd3b5d654124f1"}
,"C:\\Users\\Abubakar Awan\\Desktop\\Re-TO-DO\\src\\Functionalities\\buttons\\updateButton.js": {"path":"C:\\Users\\Abubakar Awan\\Desktop\\Re-TO-DO\\src\\Functionalities\\buttons\\updateButton.js","statementMap":{"0":{"start":{"line":2,"column":25},"end":{"line":2,"column":57}},"1":{"start":{"line":3,"column":4},"end":{"line":3,"column":37}},"2":{"start":{"line":4,"column":4},"end":{"line":4,"column":181}},"3":{"start":{"line":6,"column":16},"end":{"line":6,"column":77}},"4":{"start":{"line":7,"column":4},"end":{"line":7,"column":60}},"5":{"start":{"line":8,"column":4},"end":{"line":8,"column":37}},"6":{"start":{"line":9,"column":4},"end":{"line":9,"column":45}},"7":{"start":{"line":10,"column":4},"end":{"line":10,"column":44}},"8":{"start":{"line":11,"column":4},"end":{"line":11,"column":47}},"9":{"start":{"line":12,"column":4},"end":{"line":12,"column":36}},"10":{"start":{"line":14,"column":17},"end":{"line":14,"column":79}},"11":{"start":{"line":15,"column":4},"end":{"line":15,"column":49}},"12":{"start":{"line":16,"column":4},"end":{"line":16,"column":50}},"13":{"start":{"line":17,"column":4},"end":{"line":17,"column":287}},"14":{"start":{"line":19,"column":4},"end":{"line":19,"column":26}},"15":{"start":{"line":20,"column":4},"end":{"line":20,"column":34}},"16":{"start":{"line":22,"column":4},"end":{"line":22,"column":24}}},"fnMap":{"0":{"name":"updateTaskButton","decl":{"start":{"line":1,"column":9},"end":{"line":1,"column":25}},"loc":{"start":{"line":1,"column":28},"end":{"line":23,"column":1}},"line":1}},"branchMap":{},"s":{"0":2,"1":2,"2":2,"3":2,"4":2,"5":2,"6":2,"7":2,"8":2,"9":2,"10":2,"11":2,"12":2,"13":2,"14":2,"15":2,"16":2},"f":{"0":2},"b":{},"_coverageSchema":"1a1c01bbd47fc00a2c39e90264f33305004495a9","hash":"eb3a27ee9cd828489d236669e5a6d15721bfaf9e"}
,"C:\\Users\\Abubakar Awan\\Desktop\\Re-TO-DO\\src\\Functionalities\\listReloader\\reloader.js": {"path":"C:\\Users\\Abubakar Awan\\Desktop\\Re-TO-DO\\src\\Functionalities\\listReloader\\reloader.js","statementMap":{"0":{"start":{"line":5,"column":23},"end":{"line":5,"column":45}},"1":{"start":{"line":6,"column":21},"end":{"line":6,"column":89}},"2":{"start":{"line":8,"column":4},"end":{"line":10,"column":5}},"3":{"start":{"line":9,"column":8},"end":{"line":9,"column":50}},"4":{"start":{"line":11,"column":4},"end":{"line":15,"column":7}},"5":{"start":{"line":12,"column":39},"end":{"line":12,"column":43}},"6":{"start":{"line":13,"column":25},"end":{"line":13,"column":53}},"7":{"start":{"line":14,"column":8},"end":{"line":14,"column":39}}},"fnMap":{"0":{"name":"reloader","decl":{"start":{"line":4,"column":9},"end":{"line":4,"column":17}},"loc":{"start":{"line":4,"column":20},"end":{"line":16,"column":1}},"line":4},"1":{"name":"(anonymous_1)","decl":{"start":{"line":11,"column":23},"end":{"line":11,"column":24}},"loc":{"start":{"line":11,"column":33},"end":{"line":15,"column":5}},"line":11}},"branchMap":{},"s":{"0":1,"1":1,"2":1,"3":0,"4":1,"5":2,"6":2,"7":2},"f":{"0":1,"1":2},"b":{},"_coverageSchema":"1a1c01bbd47fc00a2c39e90264f33305004495a9","hash":"7ead4ecb0bdfe761bf2b24dfbc3d78826ee7013d"}
,"C:\\Users\\Abubakar Awan\\Desktop\\Re-TO-DO\\src\\TaskData\\index.js": {"path":"C:\\Users\\Abubakar Awan\\Desktop\\Re-TO-DO\\src\\TaskData\\index.js","statementMap":{"0":{"start":{"line":4,"column":17},"end":{"line":4,"column":19}},"1":{"start":{"line":7,"column":8},"end":{"line":7,"column":45}},"2":{"start":{"line":8,"column":8},"end":{"line":13,"column":10}},"3":{"start":{"line":9,"column":12},"end":{"line":11,"column":13}},"4":{"start":{"line":10,"column":16},"end":{"line":10,"column":31}},"5":{"start":{"line":12,"column":12},"end":{"line":12,"column":21}},"6":{"start":{"line":15,"column":8},"end":{"line":15,"column":26}},"7":{"start":{"line":19,"column":20},"end":{"line":19,"column":35}}},"fnMap":{"0":{"name":"(anonymous_0)","decl":{"start":{"line":6,"column":4},"end":{"line":6,"column":5}},"loc":{"start":{"line":6,"column":25},"end":{"line":16,"column":5}},"line":6},"1":{"name":"(anonymous_1)","decl":{"start":{"line":8,"column":46},"end":{"line":8,"column":47}},"loc":{"start":{"line":8,"column":53},"end":{"line":13,"column":9}},"line":8}},"branchMap":{"0":{"loc":{"start":{"line":9,"column":12},"end":{"line":11,"column":13}},"type":"if","locations":[{"start":{"line":9,"column":12},"end":{"line":11,"column":13}},{"start":{},"end":{}}],"line":9}},"s":{"0":6,"1":4,"2":4,"3":6,"4":3,"5":6,"6":4,"7":6},"f":{"0":4,"1":6},"b":{"0":[3,3]},"_coverageSchema":"1a1c01bbd47fc00a2c39e90264f33305004495a9","hash":"93f37f315580b724c565fdffd65b1572bde2be4a"}
}
