TN:
SF:src\Functionalities\CallBacks\addTask.js
FN:5,addTask
FNF:1
FNH:1
FNDA:1,addTask
DA:6,1
DA:7,1
DA:9,1
DA:10,1
DA:12,1
DA:16,1
DA:18,1
DA:19,1
DA:21,1
LF:9
LH:9
BRDA:10,0,0,0
BRDA:10,0,1,1
BRF:2
BRH:1
end_of_record
TN:
SF:src\Functionalities\CallBacks\deleteList.js
FN:4,deleteList
FNF:1
FNH:1
FNDA:1,deleteList
DA:6,1
DA:7,1
LF:2
LH:2
BRF:0
BRH:0
end_of_record
TN:
SF:src\Functionalities\CallBacks\removeTask.js
FN:4,removeTask
FNF:1
FNH:1
FNDA:1,removeTask
DA:5,1
DA:6,1
LF:2
LH:2
BRF:0
BRH:0
end_of_record
TN:
SF:src\Functionalities\CallBacks\updateTask.js
FN:3,updateTask
FNF:1
FNH:1
FNDA:4,updateTask
DA:4,4
LF:1
LH:1
BRF:0
BRH:0
end_of_record
TN:
SF:src\Functionalities\LocalStorage\gettaskFromlocalStorage.js
FN:1,getTaskListFromLocalStorage
FNF:1
FNH:0
FNDA:0,getTaskListFromLocalStorage
DA:2,0
DA:4,0
DA:5,0
DA:6,0
DA:7,0
DA:9,0
DA:13,0
LF:7
LH:0
BRDA:5,0,0,0
BRDA:5,0,1,0
BRF:2
BRH:0
end_of_record
TN:
SF:src\Functionalities\LocalStorage\localStorageList.js
FN:3,localStorageList
FNF:1
FNH:0
FNDA:0,localStorageList
DA:5,0
DA:6,0
LF:2
LH:0
BRF:0
BRH:0
end_of_record
TN:
SF:src\Functionalities\NewRow\addNewRow.js
FN:7,createTableRow
FN:38,(anonymous_1)
FN:40,(anonymous_2)
FN:45,(anonymous_3)
FNF:4
FNH:1
FNDA:2,createTableRow
FNDA:0,(anonymous_1)
FNDA:0,(anonymous_2)
FNDA:0,(anonymous_3)
DA:8,2
DA:9,2
DA:11,2
DA:12,2
DA:13,2
DA:15,2
DA:16,2
DA:17,2
DA:18,2
DA:19,2
DA:20,2
DA:21,2
DA:22,2
DA:24,2
DA:25,2
DA:27,2
DA:28,2
DA:30,2
DA:31,2
DA:33,2
DA:34,2
DA:35,2
DA:36,2
DA:38,2
DA:40,2
DA:41,0
DA:42,0
DA:43,0
DA:45,0
DA:46,0
DA:47,0
DA:48,0
DA:53,2
LF:33
LH:26
BRDA:46,0,0,0
BRDA:46,0,1,0
BRF:2
BRH:0
end_of_record
TN:
SF:src\Functionalities\Taskmethods\deleteList.js
FN:4,deleteList
FNF:1
FNH:0
FNDA:0,deleteList
DA:5,0
DA:7,0
LF:2
LH:0
BRF:0
BRH:0
end_of_record
TN:
SF:src\Functionalities\Taskmethods\updateTask.js
FN:5,updateTask
FNF:1
FNH:1
FNDA:4,updateTask
DA:7,4
DA:9,4
DA:11,3
DA:12,3
LF:4
LH:4
BRF:0
BRH:0
end_of_record
TN:
SF:src\Functionalities\buttons\removeButton.js
FN:1,removeTaskButton
FNF:1
FNH:1
FNDA:2,removeTaskButton
DA:2,2
DA:3,2
DA:4,2
DA:6,2
DA:7,2
DA:8,2
DA:9,2
DA:10,2
DA:11,2
DA:12,2
DA:14,2
DA:15,2
DA:16,2
DA:17,2
DA:18,2
DA:20,2
DA:23,2
LF:17
LH:17
BRF:0
BRH:0
end_of_record
TN:
SF:src\Functionalities\buttons\updateButton.js
FN:1,updateTaskButton
FNF:1
FNH:1
FNDA:2,updateTaskButton
DA:2,2
DA:3,2
DA:4,2
DA:6,2
DA:7,2
DA:8,2
DA:9,2
DA:10,2
DA:11,2
DA:12,2
DA:14,2
DA:15,2
DA:16,2
DA:17,2
DA:19,2
DA:20,2
DA:22,2
LF:17
LH:17
BRF:0
BRH:0
end_of_record
TN:
SF:src\Functionalities\listReloader\reloader.js
FN:4,reloader
FN:11,(anonymous_1)
FNF:2
FNH:2
FNDA:1,reloader
FNDA:2,(anonymous_1)
DA:5,1
DA:6,1
DA:8,1
DA:9,0
DA:11,1
DA:12,2
DA:13,2
DA:14,2
LF:8
LH:7
BRF:0
BRH:0
end_of_record
TN:
SF:src\TaskData\index.js
FN:6,(anonymous_0)
FN:8,(anonymous_1)
FNF:2
FNH:2
FNDA:4,(anonymous_0)
FNDA:6,(anonymous_1)
DA:4,6
DA:7,4
DA:8,4
DA:9,6
DA:10,3
DA:12,6
DA:15,4
DA:19,6
LF:8
LH:8
BRDA:9,0,0,3
BRDA:9,0,1,3
BRF:2
BRH:2
end_of_record
